<?xml version="1.0" encoding="UTF-8"?>
<!-- Generated by org.testng.reporters.JUnitReportReporter -->
<testsuite hostname="DESKTOP-HLI4FIQ" failures="0" tests="1" name="com.testscenarios.Login_page" time="30.048" errors="0" timestamp="2023-05-11T23:23:12 CDT" skipped="0">
  <testcase classname="com.testscenarios.Login_page" name="f" time="30.048"/>
  <system-out/>
</testsuite> <!-- com.testscenarios.Login_page -->
