<?xml version="1.0" encoding="UTF-8"?>
<!-- Generated by org.testng.reporters.JUnitReportReporter -->
<testsuite hostname="DESKTOP-HLI4FIQ" failures="0" tests="1" name="com.testscenarios.Login_page" time="25.433" errors="0" timestamp="2023-05-09T13:52:53 CDT" skipped="0">
  <testcase classname="com.testscenarios.Login_page" name="f" time="25.433"/>
  <system-out/>
</testsuite> <!-- com.testscenarios.Login_page -->
