<?xml version="1.0" encoding="UTF-8"?>
<!-- Generated by org.testng.reporters.JUnitReportReporter -->
<testsuite hostname="DESKTOP-HLI4FIQ" failures="0" tests="1" name="com.testscenarios.Login_page" time="23.849" errors="0" timestamp="2023-05-10T14:53:29 CDT" skipped="0">
  <testcase classname="com.testscenarios.Login_page" name="f" time="23.849"/>
  <system-out/>
</testsuite> <!-- com.testscenarios.Login_page -->
